<?xml version="1.0" encoding="UTF-8"?>
<!-- Generated by org.testng.reporters.JUnitReportReporter -->
<testsuite skipped="0" hostname="INDIA-PC" name="com.Chiselon.ColourClassifieds.Pages.brwsepictures" tests="1" failures="0" timestamp="13 Mar 2018 09:46:40 GMT" time="9.263" errors="0">
  <testcase name="browse" time="9.263" classname="com.Chiselon.ColourClassifieds.Pages.brwsepictures"/>
</testsuite> <!-- com.Chiselon.ColourClassifieds.Pages.brwsepictures -->
