<?xml version="1.0" encoding="UTF-8"?>
<!-- Generated by org.testng.reporters.JUnitReportReporter -->
<testsuite skipped="0" hostname="INDIA-PC" name="Chiselon.ColourClassifieds.demo" tests="1" failures="0" timestamp="21 Feb 2018 05:19:21 GMT" time="0.615" errors="0">
  <testcase name="excel" time="0.615" classname="Chiselon.ColourClassifieds.demo"/>
</testsuite> <!-- Chiselon.ColourClassifieds.demo -->
