<?xml version="1.0" encoding="UTF-8"?>
<!-- Generated by org.testng.reporters.JUnitReportReporter -->
<testsuite skipped="0" hostname="INDIA-PC" name="com.Chiselon.ColourClassifieds.UItest.ReadExceldata" tests="1" failures="0" timestamp="06 Mar 2018 04:35:18 GMT" time="0.562" errors="0">
  <testcase name="exldata" time="0.562" classname="com.Chiselon.ColourClassifieds.UItest.ReadExceldata"/>
</testsuite> <!-- com.Chiselon.ColourClassifieds.UItest.ReadExceldata -->
