<?xml version="1.0" encoding="UTF-8"?>
<!-- Generated by org.testng.reporters.JUnitReportReporter -->
<testsuite skipped="0" hostname="INDIA-PC" name="com.Chiselon.ColourClassifieds.Utilities.Baseutils" tests="1" failures="0" timestamp="12 Feb 2018 06:22:49 GMT" time="4.356" errors="0">
  <testcase name="test" time="4.356" classname="com.Chiselon.ColourClassifieds.Utilities.Baseutils"/>
</testsuite> <!-- com.Chiselon.ColourClassifieds.Utilities.Baseutils -->
