<?xml version="1.0" encoding="UTF-8"?>
<!-- Generated by org.testng.reporters.JUnitReportReporter -->
<testsuite skipped="0" hostname="INDIA-PC" name="com.Chiselon.ColourClassifieds.Utilities.Demo" tests="1" failures="0" timestamp="14 Feb 2018 11:27:23 GMT" time="0.010" errors="0">
  <testcase name="m1" time="0.010" classname="com.Chiselon.ColourClassifieds.Utilities.Demo"/>
</testsuite> <!-- com.Chiselon.ColourClassifieds.Utilities.Demo -->
